<?xml version="1.0" encoding="UTF-8"?>
<coverage generated="1742107608576" clover="3.2.0">
  <project timestamp="1742107608576" name="All files">
    <metrics statements="22" coveredstatements="7" conditionals="10" coveredconditionals="2" methods="5" coveredmethods="1" elements="37" coveredelements="10" complexity="0" loc="22" ncloc="22" packages="1" files="2" classes="2"/>
    <file name="api.ts" path="F:\Обучение\YandexPracticum\ReactDeveloper\react-burger\src\util\api.ts">
      <metrics statements="20" coveredstatements="5" conditionals="10" coveredconditionals="2" methods="5" coveredmethods="1"/>
      <line num="14" count="1" type="stmt"/>
      <line num="15" count="2" type="cond" truecount="2" falsecount="0"/>
      <line num="19" count="1" type="cond" truecount="0" falsecount="1"/>
      <line num="21" count="0" type="stmt"/>
      <line num="27" count="1" type="stmt"/>
      <line num="28" count="0" type="stmt"/>
      <line num="40" count="0" type="cond" truecount="0" falsecount="2"/>
      <line num="41" count="0" type="stmt"/>
      <line num="43" count="0" type="stmt"/>
      <line num="44" count="0" type="stmt"/>
      <line num="45" count="0" type="stmt"/>
      <line num="49" count="1" type="cond" truecount="0" falsecount="1"/>
      <line num="50" count="0" type="stmt"/>
      <line num="51" count="0" type="stmt"/>
      <line num="53" count="0" type="cond" truecount="0" falsecount="2"/>
      <line num="54" count="0" type="stmt"/>
      <line num="55" count="0" type="cond" truecount="0" falsecount="2"/>
      <line num="56" count="0" type="stmt"/>
      <line num="59" count="0" type="stmt"/>
      <line num="61" count="0" type="stmt"/>
    </file>
    <file name="constants.ts" path="F:\Обучение\YandexPracticum\ReactDeveloper\react-burger\src\util\constants.ts">
      <metrics statements="2" coveredstatements="2" conditionals="0" coveredconditionals="0" methods="0" coveredmethods="0"/>
      <line num="1" count="1" type="stmt"/>
      <line num="7" count="1" type="stmt"/>
    </file>
  </project>
</coverage>
