{"F:\\Обучение\\YandexPracticum\\ReactDeveloper\\react-burger\\src\\util\\api.ts": {"path":"F:\\Обучение\\YandexPracticum\\ReactDeveloper\\react-burger\\src\\util\\api.ts","statementMap":{"0":{"start":{"line":14,"column":29},"end":{"line":16,"column":1}},"1":{"start":{"line":15,"column":1},"end":{"line":15,"column":85}},"2":{"start":{"line":19,"column":25},"end":{"line":22,"column":3}},"3":{"start":{"line":21,"column":4},"end":{"line":21,"column":74}},"4":{"start":{"line":27,"column":30},"end":{"line":47,"column":3}},"5":{"start":{"line":28,"column":1},"end":{"line":46,"column":4}},"6":{"start":{"line":40,"column":3},"end":{"line":42,"column":3}},"7":{"start":{"line":41,"column":4},"end":{"line":41,"column":39}},"8":{"start":{"line":43,"column":3},"end":{"line":43,"column":66}},"9":{"start":{"line":44,"column":3},"end":{"line":44,"column":64}},"10":{"start":{"line":45,"column":3},"end":{"line":45,"column":22}},"11":{"start":{"line":49,"column":32},"end":{"line":64,"column":3}},"12":{"start":{"line":50,"column":1},"end":{"line":63,"column":2}},"13":{"start":{"line":51,"column":3},"end":{"line":51,"column":38}},"14":{"start":{"line":53,"column":3},"end":{"line":62,"column":4}},"15":{"start":{"line":54,"column":22},"end":{"line":54,"column":42}},"16":{"start":{"line":55,"column":2},"end":{"line":57,"column":3}},"17":{"start":{"line":56,"column":3},"end":{"line":56,"column":59}},"18":{"start":{"line":59,"column":2},"end":{"line":59,"column":37}},"19":{"start":{"line":61,"column":2},"end":{"line":61,"column":29}}},"fnMap":{"0":{"name":"(anonymous_0)","decl":{"start":{"line":14,"column":29},"end":{"line":14,"column":30}},"loc":{"start":{"line":14,"column":67},"end":{"line":16,"column":1}},"line":14},"1":{"name":"(anonymous_1)","decl":{"start":{"line":19,"column":25},"end":{"line":19,"column":26}},"loc":{"start":{"line":19,"column":95},"end":{"line":22,"column":3}},"line":19},"2":{"name":"(anonymous_2)","decl":{"start":{"line":27,"column":30},"end":{"line":27,"column":31}},"loc":{"start":{"line":27,"column":65},"end":{"line":47,"column":3}},"line":27},"3":{"name":"(anonymous_3)","decl":{"start":{"line":39,"column":7},"end":{"line":39,"column":8}},"loc":{"start":{"line":39,"column":24},"end":{"line":46,"column":2}},"line":39},"4":{"name":"(anonymous_4)","decl":{"start":{"line":49,"column":32},"end":{"line":49,"column":33}},"loc":{"start":{"line":49,"column":138},"end":{"line":64,"column":3}},"line":49}},"branchMap":{"0":{"loc":{"start":{"line":15,"column":8},"end":{"line":15,"column":84}},"type":"cond-expr","locations":[{"start":{"line":15,"column":22},"end":{"line":15,"column":37}},{"start":{"line":15,"column":40},"end":{"line":15,"column":84}}],"line":15},"1":{"loc":{"start":{"line":19,"column":54},"end":{"line":19,"column":78}},"type":"default-arg","locations":[{"start":{"line":19,"column":76},"end":{"line":19,"column":78}}],"line":19},"2":{"loc":{"start":{"line":40,"column":3},"end":{"line":42,"column":3}},"type":"if","locations":[{"start":{"line":40,"column":3},"end":{"line":42,"column":3}},{"start":{},"end":{}}],"line":40},"3":{"loc":{"start":{"line":49,"column":51},"end":{"line":49,"column":75}},"type":"default-arg","locations":[{"start":{"line":49,"column":73},"end":{"line":49,"column":75}}],"line":49},"4":{"loc":{"start":{"line":53,"column":3},"end":{"line":62,"column":4}},"type":"if","locations":[{"start":{"line":53,"column":3},"end":{"line":62,"column":4}},{"start":{"line":60,"column":10},"end":{"line":62,"column":4}}],"line":53},"5":{"loc":{"start":{"line":55,"column":2},"end":{"line":57,"column":3}},"type":"if","locations":[{"start":{"line":55,"column":2},"end":{"line":57,"column":3}},{"start":{},"end":{}}],"line":55}},"s":{"0":1,"1":2,"2":1,"3":0,"4":1,"5":0,"6":0,"7":0,"8":0,"9":0,"10":0,"11":1,"12":0,"13":0,"14":0,"15":0,"16":0,"17":0,"18":0,"19":0},"f":{"0":2,"1":0,"2":0,"3":0,"4":0},"b":{"0":[1,1],"1":[0],"2":[0,0],"3":[0],"4":[0,0],"5":[0,0]},"_coverageSchema":"1a1c01bbd47fc00a2c39e90264f33305004495a9","hash":"a5b13204a52e2be727d273a9a7fd57433bb99f4a"}
,"F:\\Обучение\\YandexPracticum\\ReactDeveloper\\react-burger\\src\\util\\constants.ts": {"path":"F:\\Обучение\\YandexPracticum\\ReactDeveloper\\react-burger\\src\\util\\constants.ts","statementMap":{"0":{"start":{"line":1,"column":24},"end":{"line":1,"column":63}},"1":{"start":{"line":7,"column":31},"end":{"line":11,"column":3}}},"fnMap":{},"branchMap":{},"s":{"0":1,"1":1},"f":{},"b":{},"_coverageSchema":"1a1c01bbd47fc00a2c39e90264f33305004495a9","hash":"18d25e16c8ea4e5964d47c910794d884cf670683"}
}
