TN:
SF:src\util\api.ts
FN:14,(anonymous_0)
FN:19,(anonymous_1)
FN:27,(anonymous_2)
FN:39,(anonymous_3)
FN:49,(anonymous_4)
FNF:5
FNH:1
FNDA:2,(anonymous_0)
FNDA:0,(anonymous_1)
FNDA:0,(anonymous_2)
FNDA:0,(anonymous_3)
FNDA:0,(anonymous_4)
DA:14,1
DA:15,2
DA:19,1
DA:21,0
DA:27,1
DA:28,0
DA:40,0
DA:41,0
DA:43,0
DA:44,0
DA:45,0
DA:49,1
DA:50,0
DA:51,0
DA:53,0
DA:54,0
DA:55,0
DA:56,0
DA:59,0
DA:61,0
LF:20
LH:5
BRDA:15,0,0,1
BRDA:15,0,1,1
BRDA:19,1,0,0
BRDA:40,2,0,0
BRDA:40,2,1,0
BRDA:49,3,0,0
BRDA:53,4,0,0
BRDA:53,4,1,0
BRDA:55,5,0,0
BRDA:55,5,1,0
BRF:10
BRH:2
end_of_record
TN:
SF:src\util\constants.ts
FNF:0
FNH:0
DA:1,1
DA:7,1
LF:2
LH:2
BRF:0
BRH:0
end_of_record
